[2020-05-21T02:27:28.227] [DEBUG] cheese - login => username:reai,password:123456
[2020-05-21T02:27:28.229] [DEBUG] cheese - reai
[2020-05-21T02:27:28.235] [DEBUG] cheese - null
[2020-05-21T02:27:28.236] [DEBUG] cheese - null
[2020-05-21T02:27:38.609] [DEBUG] cheese - login => username:admin,password:123456
[2020-05-21T02:27:38.610] [DEBUG] cheese - admin
[2020-05-21T02:27:38.613] [DEBUG] cheese - null
[2020-05-21T02:27:38.613] [DEBUG] cheese - null
[2020-05-21T02:27:44.351] [DEBUG] cheese - login => username:admin,password:1234566
[2020-05-21T02:27:44.351] [DEBUG] cheese - admin
[2020-05-21T02:27:44.354] [DEBUG] cheese - null
[2020-05-21T02:27:44.354] [DEBUG] cheese - null
[2020-05-23T01:09:56.862] [DEBUG] cheese - login => username:sdasd,password:sadasddsfsdfsd
[2020-05-23T01:09:56.864] [DEBUG] cheese - sdasd
[2020-05-23T01:09:56.892] [DEBUG] cheese - null
[2020-05-23T01:09:56.892] [DEBUG] cheese - null
[2020-05-23T01:11:17.917] [DEBUG] cheese - login => username:dfsdfsdfsd,password:fsdfsdfdsf
[2020-05-23T01:11:17.917] [DEBUG] cheese - dfsdfsdfsd
[2020-05-23T01:11:17.919] [DEBUG] cheese - null
[2020-05-23T01:11:17.919] [DEBUG] cheese - null
[2020-05-23T01:11:45.817] [DEBUG] cheese - login => username:admin,password:123456
[2020-05-23T01:11:45.818] [DEBUG] cheese - admin
[2020-05-23T01:11:45.823] [DEBUG] cheese - null
[2020-05-23T01:11:45.823] [DEBUG] cheese - null
[2020-05-23T01:12:02.605] [DEBUG] cheese - login => username:admin2,password:123456
[2020-05-23T01:12:02.605] [DEBUG] cheese - admin2
[2020-05-23T01:12:02.607] [DEBUG] cheese - null
[2020-05-23T01:12:02.607] [DEBUG] cheese - null
[2020-05-23T01:13:30.776] [DEBUG] cheese - login => username:sadsad,password:dsfsdfds
[2020-05-23T01:13:30.776] [DEBUG] cheese - sadsad
[2020-05-23T01:13:30.778] [DEBUG] cheese - null
[2020-05-23T01:13:30.779] [DEBUG] cheese - null
[2020-05-23T01:13:38.760] [DEBUG] cheese - login => username:admin,password:1234567
[2020-05-23T01:13:38.760] [DEBUG] cheese - admin
[2020-05-23T01:13:38.762] [DEBUG] cheese - null
[2020-05-23T01:13:38.762] [DEBUG] cheese - null
[2020-05-23T01:13:43.605] [DEBUG] cheese - login => username:admin,password:123456
[2020-05-23T01:13:43.605] [DEBUG] cheese - admin
[2020-05-23T01:13:43.608] [DEBUG] cheese - null
[2020-05-23T01:13:43.608] [DEBUG] cheese - null
[2020-05-23T01:37:19.013] [DEBUG] cheese - login => username:asdasd,password:dsfdsfdsf
[2020-05-23T01:37:19.013] [DEBUG] cheese - asdasd
[2020-05-23T01:37:19.015] [DEBUG] cheese - null
[2020-05-23T01:37:19.015] [DEBUG] cheese - null
[2020-05-23T01:37:24.661] [DEBUG] cheese - login => username:admin,password:dsfdsfdsf
[2020-05-23T01:37:24.662] [DEBUG] cheese - admin
[2020-05-23T01:37:24.664] [DEBUG] cheese - null
[2020-05-23T01:37:24.664] [DEBUG] cheese - null
[2020-05-23T01:37:30.102] [DEBUG] cheese - login => username:admin,password:123456
[2020-05-23T01:37:30.103] [DEBUG] cheese - admin
[2020-05-23T01:37:30.106] [DEBUG] cheese - null
[2020-05-23T01:37:30.106] [DEBUG] cheese - null
[2020-05-23T01:40:19.091] [DEBUG] cheese - login => username:admin,password:123456
[2020-05-23T01:40:19.091] [DEBUG] cheese - admin
[2020-05-23T01:40:19.092] [DEBUG] cheese - null
[2020-05-23T01:40:19.093] [DEBUG] cheese - null
[2020-05-23T01:40:19.835] [DEBUG] cheese - login => username:admin,password:123456
[2020-05-23T01:40:19.835] [DEBUG] cheese - admin
[2020-05-23T01:40:19.837] [DEBUG] cheese - null
[2020-05-23T01:40:19.837] [DEBUG] cheese - null
[2020-05-23T01:40:20.205] [DEBUG] cheese - login => username:admin,password:123456
[2020-05-23T01:40:20.205] [DEBUG] cheese - admin
[2020-05-23T01:40:20.207] [DEBUG] cheese - null
[2020-05-23T01:40:20.208] [DEBUG] cheese - null
[2020-05-23T01:40:20.545] [DEBUG] cheese - login => username:admin,password:123456
[2020-05-23T01:40:20.545] [DEBUG] cheese - admin
[2020-05-23T01:40:20.548] [DEBUG] cheese - null
[2020-05-23T01:40:20.549] [DEBUG] cheese - null
[2020-05-23T01:40:20.734] [DEBUG] cheese - login => username:admin,password:123456
[2020-05-23T01:40:20.734] [DEBUG] cheese - admin
[2020-05-23T01:40:20.736] [DEBUG] cheese - null
[2020-05-23T01:40:20.736] [DEBUG] cheese - null
[2020-05-23T01:43:47.621] [DEBUG] cheese - login => username:admin,password:123456
[2020-05-23T01:43:47.621] [DEBUG] cheese - admin
[2020-05-23T01:43:47.623] [DEBUG] cheese - null
[2020-05-23T01:43:47.624] [DEBUG] cheese - null
[2020-05-23T01:45:54.242] [DEBUG] cheese - login => username:admin,password:123456
[2020-05-23T01:45:54.243] [DEBUG] cheese - admin
[2020-05-23T01:45:54.244] [DEBUG] cheese - null
[2020-05-23T01:45:54.244] [DEBUG] cheese - null
[2020-05-23T01:48:42.882] [DEBUG] cheese - login => username:admin,password:123456
[2020-05-23T01:48:42.882] [DEBUG] cheese - admin
[2020-05-23T01:48:42.884] [DEBUG] cheese - null
[2020-05-23T01:48:42.884] [DEBUG] cheese - null
[2020-05-23T01:49:17.013] [DEBUG] cheese - login => username:admin,password:123456
[2020-05-23T01:49:17.014] [DEBUG] cheese - admin
[2020-05-23T01:49:17.015] [DEBUG] cheese - null
[2020-05-23T01:49:17.015] [DEBUG] cheese - null
[2020-05-23T01:51:18.629] [DEBUG] cheese - login => username:admin,password:123456
[2020-05-23T01:51:18.629] [DEBUG] cheese - admin
[2020-05-23T01:51:18.631] [DEBUG] cheese - null
[2020-05-23T01:51:18.632] [DEBUG] cheese - null
[2020-05-23T01:51:24.148] [DEBUG] cheese - login => username:admin,password:123456
[2020-05-23T01:51:24.148] [DEBUG] cheese - admin
[2020-05-23T01:51:24.150] [DEBUG] cheese - null
[2020-05-23T01:51:24.150] [DEBUG] cheese - null
[2020-05-23T01:53:16.025] [DEBUG] cheese - login => username:admin,password:123456
[2020-05-23T01:53:16.025] [DEBUG] cheese - admin
[2020-05-23T01:53:16.027] [DEBUG] cheese - null
[2020-05-23T01:53:16.027] [DEBUG] cheese - null
[2020-05-23T01:53:25.981] [DEBUG] cheese - login => username:admin,password:123456
[2020-05-23T01:53:25.981] [DEBUG] cheese - admin
[2020-05-23T01:53:25.983] [DEBUG] cheese - null
[2020-05-23T01:53:25.983] [DEBUG] cheese - null
[2020-05-23T01:54:25.667] [DEBUG] cheese - login => username:···admin,password:123456
[2020-05-23T01:54:25.667] [DEBUG] cheese - ···admin
[2020-05-23T01:54:25.668] [DEBUG] cheese - null
[2020-05-23T01:54:25.668] [DEBUG] cheese - null
[2020-05-23T01:54:26.480] [DEBUG] cheese - login => username:···admin,password:123456
[2020-05-23T01:54:26.481] [DEBUG] cheese - ···admin
[2020-05-23T01:54:26.482] [DEBUG] cheese - null
[2020-05-23T01:54:26.483] [DEBUG] cheese - null
[2020-05-23T01:54:26.662] [DEBUG] cheese - login => username:···admin,password:123456
[2020-05-23T01:54:26.662] [DEBUG] cheese - ···admin
[2020-05-23T01:54:26.665] [DEBUG] cheese - null
[2020-05-23T01:54:26.665] [DEBUG] cheese - null
[2020-05-23T01:54:26.870] [DEBUG] cheese - login => username:···admin,password:123456
[2020-05-23T01:54:26.870] [DEBUG] cheese - ···admin
[2020-05-23T01:54:26.873] [DEBUG] cheese - null
[2020-05-23T01:54:26.873] [DEBUG] cheese - null
[2020-05-23T01:54:27.050] [DEBUG] cheese - login => username:···admin,password:123456
[2020-05-23T01:54:27.050] [DEBUG] cheese - ···admin
[2020-05-23T01:54:27.052] [DEBUG] cheese - null
[2020-05-23T01:54:27.052] [DEBUG] cheese - null
[2020-05-23T01:54:47.553] [DEBUG] cheese - login => username:2admin,password:123456
[2020-05-23T01:54:47.554] [DEBUG] cheese - 2admin
[2020-05-23T01:54:47.556] [DEBUG] cheese - null
[2020-05-23T01:54:47.556] [DEBUG] cheese - null
[2020-05-23T01:54:48.091] [DEBUG] cheese - login => username:2admin,password:123456
[2020-05-23T01:54:48.091] [DEBUG] cheese - 2admin
[2020-05-23T01:54:48.093] [DEBUG] cheese - null
[2020-05-23T01:54:48.093] [DEBUG] cheese - null
[2020-05-23T01:54:48.260] [DEBUG] cheese - login => username:2admin,password:123456
[2020-05-23T01:54:48.260] [DEBUG] cheese - 2admin
[2020-05-23T01:54:48.261] [DEBUG] cheese - null
[2020-05-23T01:54:48.261] [DEBUG] cheese - null
[2020-05-23T01:54:48.442] [DEBUG] cheese - login => username:2admin,password:123456
[2020-05-23T01:54:48.443] [DEBUG] cheese - 2admin
[2020-05-23T01:54:48.445] [DEBUG] cheese - null
[2020-05-23T01:54:48.445] [DEBUG] cheese - null
[2020-05-23T01:54:48.619] [DEBUG] cheese - login => username:2admin,password:123456
[2020-05-23T01:54:48.619] [DEBUG] cheese - 2admin
[2020-05-23T01:54:48.621] [DEBUG] cheese - null
[2020-05-23T01:54:48.622] [DEBUG] cheese - null
[2020-05-23T01:54:48.804] [DEBUG] cheese - login => username:2admin,password:123456
[2020-05-23T01:54:48.805] [DEBUG] cheese - 2admin
[2020-05-23T01:54:48.807] [DEBUG] cheese - null
[2020-05-23T01:54:48.807] [DEBUG] cheese - null
[2020-05-23T21:52:14.063] [DEBUG] cheese - login => username:admin,password:123456
[2020-05-23T21:52:14.066] [DEBUG] cheese - admin
[2020-05-23T21:52:14.106] [DEBUG] cheese - null
[2020-05-23T21:52:14.107] [DEBUG] cheese - null
[2020-05-23T21:52:18.432] [DEBUG] cheese - login => username:admin22,password:123456
[2020-05-23T21:52:18.432] [DEBUG] cheese - admin22
[2020-05-23T21:52:18.435] [DEBUG] cheese - null
[2020-05-23T21:52:18.436] [DEBUG] cheese - null
[2020-05-23T21:52:57.999] [DEBUG] cheese - login => username:admin,password:123456
[2020-05-23T21:52:57.999] [DEBUG] cheese - admin
[2020-05-23T21:52:58.001] [DEBUG] cheese - null
[2020-05-23T21:52:58.001] [DEBUG] cheese - null
[2020-05-23T21:59:51.988] [DEBUG] cheese - login => username:admin,password:123456
[2020-05-23T21:59:51.988] [DEBUG] cheese - admin
[2020-05-23T21:59:51.990] [DEBUG] cheese - null
[2020-05-23T21:59:51.990] [DEBUG] cheese - null
[2020-05-23T22:01:23.861] [DEBUG] cheese - login => username:admin,password:123456
[2020-05-23T22:01:23.861] [DEBUG] cheese - admin
[2020-05-23T22:01:23.864] [DEBUG] cheese - null
[2020-05-23T22:01:23.864] [DEBUG] cheese - null
[2020-05-23T22:01:27.720] [DEBUG] cheese - login => username:admin,password:123456
[2020-05-23T22:01:27.720] [DEBUG] cheese - admin
[2020-05-23T22:01:27.722] [DEBUG] cheese - null
[2020-05-23T22:01:27.722] [DEBUG] cheese - null
[2020-05-23T22:02:53.609] [DEBUG] cheese - login => username:admin,password:123456
[2020-05-23T22:02:53.609] [DEBUG] cheese - admin
[2020-05-23T22:02:53.611] [DEBUG] cheese - null
[2020-05-23T22:02:53.611] [DEBUG] cheese - null
[2020-05-23T22:04:20.377] [DEBUG] cheese - login => username:admin,password:123456
[2020-05-23T22:04:20.377] [DEBUG] cheese - admin
[2020-05-23T22:04:20.379] [DEBUG] cheese - null
[2020-05-23T22:04:20.379] [DEBUG] cheese - null
[2020-05-23T22:05:56.659] [DEBUG] cheese - login => username:admin,password:123456
[2020-05-23T22:05:56.659] [DEBUG] cheese - admin
[2020-05-23T22:05:56.662] [DEBUG] cheese - null
[2020-05-23T22:05:56.662] [DEBUG] cheese - null
[2020-05-23T22:09:58.406] [DEBUG] cheese - login => username:admin,password:123456
[2020-05-23T22:09:58.407] [DEBUG] cheese - admin
[2020-05-23T22:09:58.409] [DEBUG] cheese - null
[2020-05-23T22:09:58.410] [DEBUG] cheese - null
[2020-05-23T22:11:08.181] [DEBUG] cheese - login => username:admin,password:123456
[2020-05-23T22:11:08.181] [DEBUG] cheese - admin
[2020-05-23T22:11:08.183] [DEBUG] cheese - null
[2020-05-23T22:11:08.183] [DEBUG] cheese - null
[2020-05-23T22:34:47.368] [DEBUG] cheese - login => username:admin,password:123456
[2020-05-23T22:34:47.368] [DEBUG] cheese - admin
[2020-05-23T22:34:47.369] [DEBUG] cheese - null
[2020-05-23T22:34:47.369] [DEBUG] cheese - null
[2020-05-23T22:39:44.512] [DEBUG] cheese - login => username:admin,password:123456
[2020-05-23T22:39:44.513] [DEBUG] cheese - admin
[2020-05-23T22:39:44.515] [DEBUG] cheese - null
[2020-05-23T22:39:44.515] [DEBUG] cheese - null
[2020-05-23T22:50:16.159] [DEBUG] cheese - login => username:admin,password:123456
[2020-05-23T22:50:16.160] [DEBUG] cheese - admin
[2020-05-23T22:50:16.161] [DEBUG] cheese - null
[2020-05-23T22:50:16.161] [DEBUG] cheese - null
[2020-05-23T23:02:51.730] [DEBUG] cheese - login => username:admin,password:123456
[2020-05-23T23:02:51.731] [DEBUG] cheese - admin
[2020-05-23T23:02:51.733] [DEBUG] cheese - null
[2020-05-23T23:02:51.733] [DEBUG] cheese - null
[2020-05-23T23:18:20.573] [DEBUG] cheese - login => username:admin,password:123456
[2020-05-23T23:18:20.573] [DEBUG] cheese - admin
[2020-05-23T23:18:20.575] [DEBUG] cheese - null
[2020-05-23T23:18:20.575] [DEBUG] cheese - null
[2020-05-23T23:18:48.610] [DEBUG] cheese - login => username:admin,password:123456
[2020-05-23T23:18:48.610] [DEBUG] cheese - admin
[2020-05-23T23:18:48.613] [DEBUG] cheese - null
[2020-05-23T23:18:48.613] [DEBUG] cheese - null
[2020-05-23T23:20:25.503] [DEBUG] cheese - login => username:admin,password:123456
[2020-05-23T23:20:25.503] [DEBUG] cheese - admin
[2020-05-23T23:20:25.505] [DEBUG] cheese - null
[2020-05-23T23:20:25.505] [DEBUG] cheese - null
[2020-05-23T23:22:17.446] [DEBUG] cheese - login => username:admin,password:123456
[2020-05-23T23:22:17.446] [DEBUG] cheese - admin
[2020-05-23T23:22:17.449] [DEBUG] cheese - null
[2020-05-23T23:22:17.449] [DEBUG] cheese - null
[2020-05-24T00:50:41.296] [DEBUG] cheese - login => username:admin,password:123456
[2020-05-24T00:50:41.297] [DEBUG] cheese - admin
[2020-05-24T00:50:41.300] [DEBUG] cheese - null
[2020-05-24T00:50:41.300] [DEBUG] cheese - null
[2020-05-24T00:54:57.009] [DEBUG] cheese - login => username:admin,password:123456
[2020-05-24T00:54:57.010] [DEBUG] cheese - admin
[2020-05-24T00:54:57.011] [DEBUG] cheese - null
[2020-05-24T00:54:57.011] [DEBUG] cheese - null
[2020-05-24T00:56:59.341] [DEBUG] cheese - login => username:admin,password:123456
[2020-05-24T00:56:59.341] [DEBUG] cheese - admin
[2020-05-24T00:56:59.343] [DEBUG] cheese - null
[2020-05-24T00:56:59.343] [DEBUG] cheese - null
[2020-05-24T00:57:44.089] [DEBUG] cheese - login => username:admin,password:123456
[2020-05-24T00:57:44.089] [DEBUG] cheese - admin
[2020-05-24T00:57:44.091] [DEBUG] cheese - null
[2020-05-24T00:57:44.091] [DEBUG] cheese - null
[2020-05-24T00:58:00.745] [DEBUG] cheese - login => username:admin,password:123456
[2020-05-24T00:58:00.745] [DEBUG] cheese - admin
[2020-05-24T00:58:00.747] [DEBUG] cheese - null
[2020-05-24T00:58:00.747] [DEBUG] cheese - null
[2020-05-24T01:00:26.330] [DEBUG] cheese - login => username:admin,password:123456
[2020-05-24T01:00:26.330] [DEBUG] cheese - admin
[2020-05-24T01:00:26.336] [DEBUG] cheese - null
[2020-05-24T01:00:26.336] [DEBUG] cheese - null
[2020-05-24T01:21:32.631] [DEBUG] cheese - login => username:admin,password:123456
[2020-05-24T01:21:32.631] [DEBUG] cheese - admin
[2020-05-24T01:21:32.633] [DEBUG] cheese - null
[2020-05-24T01:21:32.633] [DEBUG] cheese - null
[2020-05-24T01:21:49.312] [DEBUG] cheese - login => username:admin,password:123456
[2020-05-24T01:21:49.313] [DEBUG] cheese - admin
[2020-05-24T01:21:49.314] [DEBUG] cheese - null
[2020-05-24T01:21:49.315] [DEBUG] cheese - null
[2020-05-24T01:35:32.939] [DEBUG] cheese - login => username:admin,password:123456
[2020-05-24T01:35:32.939] [DEBUG] cheese - admin
[2020-05-24T01:35:32.941] [DEBUG] cheese - null
[2020-05-24T01:35:32.941] [DEBUG] cheese - null
[2020-05-24T02:18:13.404] [DEBUG] cheese - login => username:admin,password:123456
[2020-05-24T02:18:13.404] [DEBUG] cheese - admin
[2020-05-24T02:18:13.406] [DEBUG] cheese - null
[2020-05-24T02:18:13.406] [DEBUG] cheese - null
[2020-05-24T13:24:47.549] [DEBUG] cheese - login => username:admin,password:123456
[2020-05-24T13:24:47.551] [DEBUG] cheese - admin
[2020-05-24T13:24:47.584] [DEBUG] cheese - null
[2020-05-24T13:24:47.584] [DEBUG] cheese - null
[2020-05-24T18:04:09.426] [DEBUG] cheese - null
[2020-05-24T18:10:48.356] [DEBUG] cheese - null
[2020-05-24T18:12:10.916] [DEBUG] cheese - null
[2020-05-24T18:12:13.815] [DEBUG] cheese - null
[2020-05-24T18:12:17.543] [DEBUG] cheese - null
[2020-05-24T18:12:24.123] [DEBUG] cheese - null
[2020-05-24T18:12:27.795] [DEBUG] cheese - null
[2020-05-24T18:18:25.773] [DEBUG] cheese - null
[2020-05-24T18:18:35.490] [DEBUG] cheese - null
[2020-05-24T18:22:08.845] [DEBUG] cheese - null
[2020-05-24T18:22:11.148] [DEBUG] cheese - null
[2020-05-24T19:26:57.851] [DEBUG] cheese - null
[2020-05-24T19:36:34.075] [DEBUG] cheese - null
[2020-05-24T19:38:46.999] [DEBUG] cheese - null
[2020-05-24T19:38:48.899] [DEBUG] cheese - null
[2020-05-24T19:38:50.739] [DEBUG] cheese - null
[2020-05-24T19:38:52.392] [DEBUG] cheese - null
[2020-05-24T23:20:43.027] [DEBUG] cheese - login => username:admin,password:123456
[2020-05-24T23:20:43.030] [DEBUG] cheese - admin
[2020-05-24T23:20:43.034] [DEBUG] cheese - null
[2020-05-24T23:20:43.034] [DEBUG] cheese - null
[2020-05-24T23:47:46.308] [DEBUG] cheese - null
[2020-05-24T23:47:48.115] [DEBUG] cheese - null
[2020-05-24T23:47:49.704] [DEBUG] cheese - null
[2020-05-25T00:13:23.826] [DEBUG] cheese - null
[2020-05-25T00:17:57.137] [DEBUG] cheese - login => username:admin,password:123456
[2020-05-25T00:17:57.137] [DEBUG] cheese - admin
[2020-05-25T00:17:57.139] [DEBUG] cheese - null
[2020-05-25T00:17:57.139] [DEBUG] cheese - null
[2020-05-25T00:19:59.380] [DEBUG] cheese - login => username:admin,password:123456
[2020-05-25T00:19:59.381] [DEBUG] cheese - admin
[2020-05-25T00:19:59.383] [DEBUG] cheese - null
[2020-05-25T00:19:59.383] [DEBUG] cheese - null
[2020-05-25T00:20:23.483] [DEBUG] cheese - login => username:admin,password:123456
[2020-05-25T00:20:23.483] [DEBUG] cheese - admin
[2020-05-25T00:20:23.485] [DEBUG] cheese - null
[2020-05-25T00:20:23.485] [DEBUG] cheese - null
[2020-05-25T00:21:08.223] [DEBUG] cheese - login => username:123123,password:123123
[2020-05-25T00:21:08.223] [DEBUG] cheese - 123123
[2020-05-25T00:21:08.225] [DEBUG] cheese - null
[2020-05-25T00:21:08.225] [DEBUG] cheese - null
[2020-05-25T00:21:17.300] [DEBUG] cheese - login => username:123123,password:123123
[2020-05-25T00:21:17.300] [DEBUG] cheese - 123123
[2020-05-25T00:21:17.303] [DEBUG] cheese - null
[2020-05-25T00:21:17.303] [DEBUG] cheese - null
[2020-05-25T00:21:20.297] [DEBUG] cheese - login => username:admin,password:123456
[2020-05-25T00:21:20.297] [DEBUG] cheese - admin
[2020-05-25T00:21:20.299] [DEBUG] cheese - null
[2020-05-25T00:21:20.300] [DEBUG] cheese - null
[2020-05-25T00:21:38.656] [DEBUG] cheese - login => username:123123,password:123123
[2020-05-25T00:21:38.656] [DEBUG] cheese - 123123
[2020-05-25T00:21:38.658] [DEBUG] cheese - null
[2020-05-25T00:21:38.658] [DEBUG] cheese - null
[2020-05-25T00:21:42.410] [DEBUG] cheese - login => username:admin,password:123456
[2020-05-25T00:21:42.410] [DEBUG] cheese - admin
[2020-05-25T00:21:42.412] [DEBUG] cheese - null
[2020-05-25T00:21:42.412] [DEBUG] cheese - null
[2020-05-25T00:22:36.243] [DEBUG] cheese - login => username:123,password:111111
[2020-05-25T00:22:36.244] [DEBUG] cheese - 123
[2020-05-25T00:22:36.245] [DEBUG] cheese - null
[2020-05-25T00:22:36.246] [DEBUG] cheese - null
[2020-05-25T00:24:07.763] [DEBUG] cheese - login => username:123,password:111111
[2020-05-25T00:24:07.763] [DEBUG] cheese - 123
[2020-05-25T00:24:07.766] [DEBUG] cheese - null
[2020-05-25T00:24:07.766] [DEBUG] cheese - null
[2020-05-25T00:24:10.057] [DEBUG] cheese - login => username:admin,password:123456
[2020-05-25T00:24:10.057] [DEBUG] cheese - admin
[2020-05-25T00:24:10.059] [DEBUG] cheese - null
[2020-05-25T00:24:10.060] [DEBUG] cheese - null
[2020-05-25T00:48:24.301] [DEBUG] cheese - login => username:admin,password:123456
[2020-05-25T00:48:24.301] [DEBUG] cheese - admin
[2020-05-25T00:48:24.303] [DEBUG] cheese - null
[2020-05-25T00:48:24.303] [DEBUG] cheese - null
[2020-05-27T23:45:49.295] [DEBUG] cheese - login => username:admin,password:1234566
[2020-05-27T23:45:49.298] [DEBUG] cheese - admin
[2020-05-27T23:45:49.331] [DEBUG] cheese - null
[2020-05-27T23:45:49.331] [DEBUG] cheese - null
[2020-05-27T23:45:50.324] [DEBUG] cheese - login => username:admin,password:1234566
[2020-05-27T23:45:50.324] [DEBUG] cheese - admin
[2020-05-27T23:45:50.327] [DEBUG] cheese - null
[2020-05-27T23:45:50.327] [DEBUG] cheese - null
[2020-05-27T23:46:03.109] [DEBUG] cheese - login => username:admin,password:123
[2020-05-27T23:46:03.109] [DEBUG] cheese - admin
[2020-05-27T23:46:03.111] [DEBUG] cheese - null
[2020-05-27T23:46:03.111] [DEBUG] cheese - null
[2020-05-27T23:46:05.859] [DEBUG] cheese - login => username:admin,password:123123
[2020-05-27T23:46:05.859] [DEBUG] cheese - admin
[2020-05-27T23:46:05.862] [DEBUG] cheese - null
[2020-05-27T23:46:05.862] [DEBUG] cheese - null
[2020-05-27T23:46:14.885] [DEBUG] cheese - login => username:admin,password:123456
[2020-05-27T23:46:14.885] [DEBUG] cheese - admin
[2020-05-27T23:46:14.887] [DEBUG] cheese - null
[2020-05-27T23:46:14.887] [DEBUG] cheese - null
[2020-05-27T23:46:23.047] [DEBUG] cheese - login => username:admin,password:123456
[2020-05-27T23:46:23.048] [DEBUG] cheese - admin
[2020-05-27T23:46:23.050] [DEBUG] cheese - null
[2020-05-27T23:46:23.050] [DEBUG] cheese - null
[2020-05-28T10:59:25.272] [DEBUG] cheese - login => username:admin,password:123456
[2020-05-28T10:59:25.276] [DEBUG] cheese - admin
[2020-05-28T10:59:25.322] [DEBUG] cheese - null
[2020-05-28T10:59:25.322] [DEBUG] cheese - null
[2020-05-28T11:16:21.220] [DEBUG] cheese - login => username:admin,password:123456
[2020-05-28T11:16:21.221] [DEBUG] cheese - admin
[2020-05-28T11:16:21.226] [DEBUG] cheese - null
[2020-05-28T11:16:21.227] [DEBUG] cheese - null
[2020-05-28T12:31:35.119] [DEBUG] cheese - null
[2020-05-28T14:40:32.333] [DEBUG] cheese - login => username:admin,password:123456
[2020-05-28T14:40:32.335] [DEBUG] cheese - admin
[2020-05-28T14:40:32.342] [DEBUG] cheese - null
[2020-05-28T14:40:32.342] [DEBUG] cheese - null
[2020-05-29T09:46:38.608] [DEBUG] cheese - login => username:admin,password:123456
[2020-05-29T09:46:38.609] [DEBUG] cheese - admin
[2020-05-29T09:46:38.635] [DEBUG] cheese - null
[2020-05-29T09:46:38.636] [DEBUG] cheese - null
[2020-05-29T10:21:38.528] [DEBUG] cheese - login => username:admin,password:123456
[2020-05-29T10:21:38.528] [DEBUG] cheese - admin
[2020-05-29T10:21:38.531] [DEBUG] cheese - null
[2020-05-29T10:21:38.532] [DEBUG] cheese - null
[2020-05-29T16:43:49.620] [DEBUG] cheese - login => username:admin,password:123456
[2020-05-29T16:43:49.621] [DEBUG] cheese - admin
[2020-05-29T16:43:49.647] [DEBUG] cheese - null
[2020-05-29T16:43:49.647] [DEBUG] cheese - null
[2020-05-29T21:09:55.018] [DEBUG] cheese - login => username:admin,password:123456
[2020-05-29T21:09:55.020] [DEBUG] cheese - admin
[2020-05-29T21:09:55.023] [DEBUG] cheese - null
[2020-05-29T21:09:55.023] [DEBUG] cheese - null
[2020-05-30T01:25:02.751] [DEBUG] cheese - login => username:admin,password:123456
[2020-05-30T01:25:02.753] [DEBUG] cheese - admin
[2020-05-30T01:25:02.756] [DEBUG] cheese - null
[2020-05-30T01:25:02.756] [DEBUG] cheese - null
[2020-05-30T02:39:26.607] [DEBUG] cheese - login => username:admin,password:123456
[2020-05-30T02:39:26.608] [DEBUG] cheese - admin
[2020-05-30T02:39:26.610] [DEBUG] cheese - null
[2020-05-30T02:39:26.611] [DEBUG] cheese - null
[2020-05-30T03:02:10.985] [DEBUG] cheese - null
[2020-05-30T03:03:37.492] [DEBUG] cheese - null
[2020-05-30T03:07:09.920] [DEBUG] cheese - login => username:admin,password:123456
[2020-05-30T03:07:09.921] [DEBUG] cheese - admin
[2020-05-30T03:07:09.922] [DEBUG] cheese - null
[2020-05-30T03:07:09.922] [DEBUG] cheese - null
[2020-05-30T03:07:38.575] [DEBUG] cheese - null
[2020-05-30T12:35:28.894] [DEBUG] cheese - login => username:admin,password:123456
[2020-05-30T12:35:28.897] [DEBUG] cheese - admin
[2020-05-30T12:35:28.931] [DEBUG] cheese - null
[2020-05-30T12:35:28.932] [DEBUG] cheese - null
[2020-05-30T13:30:02.789] [DEBUG] cheese - login => username:admin,password:123456
[2020-05-30T13:30:02.792] [DEBUG] cheese - admin
[2020-05-30T13:30:02.797] [DEBUG] cheese - null
[2020-05-30T13:30:02.798] [DEBUG] cheese - null
[2020-05-30T13:57:49.328] [DEBUG] cheese - login => username:admin,password:123456
[2020-05-30T13:57:49.330] [DEBUG] cheese - admin
[2020-05-30T13:57:49.336] [DEBUG] cheese - null
[2020-05-30T13:57:49.337] [DEBUG] cheese - null
[2020-05-30T14:28:02.819] [DEBUG] cheese - login => username:admin,password:123456
[2020-05-30T14:28:02.820] [DEBUG] cheese - admin
[2020-05-30T14:28:02.827] [DEBUG] cheese - null
[2020-05-30T14:28:02.827] [DEBUG] cheese - null
[2020-05-30T15:44:19.331] [DEBUG] cheese - null
[2020-05-30T15:49:13.316] [DEBUG] cheese - login => username:admin,password:123456
[2020-05-30T15:49:13.316] [DEBUG] cheese - admin
[2020-05-30T15:49:13.318] [DEBUG] cheese - null
[2020-05-30T15:49:13.318] [DEBUG] cheese - null
[2020-05-30T16:01:34.456] [DEBUG] cheese - login => username:admin,password:123456
[2020-05-30T16:01:34.457] [DEBUG] cheese - admin
[2020-05-30T16:01:34.459] [DEBUG] cheese - null
[2020-05-30T16:01:34.459] [DEBUG] cheese - null
[2020-05-30T16:53:11.223] [DEBUG] cheese - login => username:admin,password:123456
[2020-05-30T16:53:11.226] [DEBUG] cheese - admin
[2020-05-30T16:53:11.231] [DEBUG] cheese - null
[2020-05-30T16:53:11.232] [DEBUG] cheese - null
[2020-05-30T17:15:01.579] [DEBUG] cheese - login => username:admin,password:123456
[2020-05-30T17:15:01.579] [DEBUG] cheese - admin
[2020-05-30T17:15:01.583] [DEBUG] cheese - null
[2020-05-30T17:15:01.583] [DEBUG] cheese - null
[2020-05-30T19:32:17.014] [DEBUG] cheese - login => username:admin,password:123456
[2020-05-30T19:32:17.017] [DEBUG] cheese - admin
[2020-05-30T19:32:17.020] [DEBUG] cheese - null
[2020-05-30T19:32:17.020] [DEBUG] cheese - null
[2020-05-30T20:58:44.422] [DEBUG] cheese - login => username:admin,password:123456
[2020-05-30T20:58:44.425] [DEBUG] cheese - admin
[2020-05-30T20:58:44.429] [DEBUG] cheese - null
[2020-05-30T20:58:44.429] [DEBUG] cheese - null
[2020-05-30T21:00:06.287] [DEBUG] cheese - login => username:admin,password:123456
[2020-05-30T21:00:06.289] [DEBUG] cheese - admin
[2020-05-30T21:00:06.292] [DEBUG] cheese - null
[2020-05-30T21:00:06.292] [DEBUG] cheese - null
[2020-05-30T21:06:11.026] [DEBUG] cheese - login => username:admin,password:123456
[2020-05-30T21:06:11.026] [DEBUG] cheese - admin
[2020-05-30T21:06:11.028] [DEBUG] cheese - null
[2020-05-30T21:06:11.028] [DEBUG] cheese - null
[2020-05-30T21:09:25.083] [DEBUG] cheese - login => username:admin,password:123456
[2020-05-30T21:09:25.084] [DEBUG] cheese - admin
[2020-05-30T21:09:25.089] [DEBUG] cheese - null
[2020-05-30T21:09:25.089] [DEBUG] cheese - null
[2020-05-30T21:13:06.163] [DEBUG] cheese - login => username:admin,password:123456
[2020-05-30T21:13:06.163] [DEBUG] cheese - admin
[2020-05-30T21:13:06.165] [DEBUG] cheese - null
[2020-05-30T21:13:06.165] [DEBUG] cheese - null
